Hmm ... looks like a package

This is pdfTeX, Version 3.14159265-2.6-1.40.20 (TeX Live 2019) (preloaded format=pdflatex)
 restricted \write18 enabled.
entering extended mode
LaTeX2e <2018-12-01>

(./Rd2.tex
(/usr/local/texlive/2019/texmf-dist/tex/latex/base/book.cls
Document Class: book 2018/09/03 v1.4i Standard LaTeX document class
(/usr/local/texlive/2019/texmf-dist/tex/latex/base/bk10.clo))
(/Library/Frameworks/R.framework/Resources/share/texmf/tex/latex/Rd.sty
(/usr/local/texlive/2019/texmf-dist/tex/latex/base/ifthen.sty)
(/usr/local/texlive/2019/texmf-dist/tex/latex/tools/longtable.sty)
(/usr/local/texlive/2019/texmf-dist/tex/latex/tools/bm.sty)
(/usr/local/texlive/2019/texmf-dist/tex/latex/base/alltt.sty)
(/usr/local/texlive/2019/texmf-dist/tex/latex/tools/verbatim.sty)
(/usr/local/texlive/2019/texmf-dist/tex/latex/url/url.sty)
(/usr/local/texlive/2019/texmf-dist/tex/latex/base/textcomp.sty
(/usr/local/texlive/2019/texmf-dist/tex/latex/base/ts1enc.def
(/usr/local/texlive/2019/texmf-dist/tex/latex/base/ts1enc.dfu)))
(/usr/local/texlive/2019/texmf-dist/tex/latex/base/fontenc.sty
(/usr/local/texlive/2019/texmf-dist/tex/latex/base/t1enc.def))
(/usr/local/texlive/2019/texmf-dist/tex/latex/psnfss/times.sty)
(/usr/local/texlive/2019/texmf-dist/tex/latex/inconsolata/zi4.sty
`inconsolata-zi4' v1.112, 2017/01/04 Text macros for Inconsolata (msharpe)
(/usr/local/texlive/2019/texmf-dist/tex/latex/xkeyval/xkeyval.sty
(/usr/local/texlive/2019/texmf-dist/tex/generic/xkeyval/xkeyval.tex
(/usr/local/texlive/2019/texmf-dist/tex/generic/xkeyval/xkvutils.tex
(/usr/local/texlive/2019/texmf-dist/tex/generic/xkeyval/keyval.tex)))))
(/usr/local/texlive/2019/texmf-dist/tex/latex/graphics/color.sty
(/usr/local/texlive/2019/texmf-dist/tex/latex/graphics-cfg/color.cfg)
(/usr/local/texlive/2019/texmf-dist/tex/latex/graphics-def/pdftex.def))
(/usr/local/texlive/2019/texmf-dist/tex/latex/hyperref/hyperref.sty
(/usr/local/texlive/2019/texmf-dist/tex/generic/oberdiek/hobsub-hyperref.sty
(/usr/local/texlive/2019/texmf-dist/tex/generic/oberdiek/hobsub-generic.sty))
(/usr/local/texlive/2019/texmf-dist/tex/generic/ifxetex/ifxetex.sty)
(/usr/local/texlive/2019/texmf-dist/tex/latex/oberdiek/auxhook.sty)
(/usr/local/texlive/2019/texmf-dist/tex/latex/oberdiek/kvoptions.sty)
(/usr/local/texlive/2019/texmf-dist/tex/latex/hyperref/pd1enc.def)
(/usr/local/texlive/2019/texmf-dist/tex/latex/latexconfig/hyperref.cfg))
(/usr/local/texlive/2019/texmf-dist/tex/latex/hyperref/hpdftex.def
(/usr/local/texlive/2019/texmf-dist/tex/latex/oberdiek/rerunfilecheck.sty))

Package hyperref Warning: Option `hyperindex' has already been used,
(hyperref)                setting the option has no effect on input line 377.


Package hyperref Warning: Option `pagebackref' has already been used,
(hyperref)                setting the option has no effect on input line 377.

) (/usr/local/texlive/2019/texmf-dist/tex/latex/base/makeidx.sty)
(/usr/local/texlive/2019/texmf-dist/tex/latex/base/inputenc.sty
(/usr/local/texlive/2019/texmf-dist/tex/latex/base/latin1.def))
Writing index file Rd2.idx
No file Rd2.aux.
(/usr/local/texlive/2019/texmf-dist/tex/latex/base/ts1cmr.fd)
(/usr/local/texlive/2019/texmf-dist/tex/latex/psnfss/t1ptm.fd)
(/usr/local/texlive/2019/texmf-dist/tex/context/base/mkii/supp-pdf.mkii
[Loading MPS to PDF converter (version 2006.09.02).]
) (/usr/local/texlive/2019/texmf-dist/tex/latex/hyperref/nameref.sty
(/usr/local/texlive/2019/texmf-dist/tex/generic/oberdiek/gettitlestring.sty))
(/usr/local/texlive/2019/texmf-dist/tex/latex/inconsolata/t1zi4.fd)
(/usr/local/texlive/2019/texmf-dist/tex/latex/psnfss/t1phv.fd)
(/usr/local/texlive/2019/texmf-dist/tex/latex/base/utf8.def)
Underfull \hbox (badness 10000) in paragraph at lines 29--29
[]\T1/ptm/m/it/10 c("\Sexpr[results=rd,stage=build]tools:::Rd_package_title(\"#
1\")",

Underfull \hbox (badness 10000) in paragraph at lines 29--29
\T1/ptm/m/it/10 "ODPR.COVID.19")Prediction re-gion based on over-dispersed

Overfull \hbox (29.4461pt too wide) in paragraph at lines 37--39
[]\T1/ptm/m/n/10 c("\Sexpr[results=rd,stage=build]tools:::Rd_package_descriptio
n(\"#1\")", "ODPR.COVID.19")Prediction

Overfull \hbox (25.26584pt too wide) in paragraph at lines 42--49
[]\T1/ptm/m/n/10 The DE-SCRIP-TION file: c("\Sexpr[results=rd,stage=build]tools
:::Rd_package_DESCRIPTION(\"#1\")",

Overfull \hbox (170.5945pt too wide) in paragraph at lines 42--49
\T1/ptm/m/n/10 "ODPR.COVID.19")This pack-age was not yet in-stalled at build ti
me.\cr c("\Sexpr[results=rd,stage=build]tools:::Rd_package_indices(\"#1\")",

Overfull \hbox (43.9958pt too wide) in paragraph at lines 55--58
[]\T1/ptm/m/n/10 Maintainer: c("\Sexpr[results=rd,stage=build]tools:::Rd_packag
e_maintainer(\"#1\")", "ODPR.COVID.19")T.
[1{/usr/local/texlive/2019/texmf-var/fonts/map/pdftex/updmap/pdftex.map}]
[2] [3] [4] [5] [6] [7] [8] [9] [10] [11] [12]
Underfull \vbox (badness 10000) has occurred while \output is active [13]
[14] [15] [16]
No file Rd2.ind.
[17]
(/private/var/folders/pn/nlhs6l8d0pz5fbf6j8ycz3840000gn/T/RtmpCtQclZ/Rd2pdf5c0a
69bd2a33/Rd2.aux)

Package rerunfilecheck Warning: File `Rd2.out' has changed.
(rerunfilecheck)                Rerun to get outlines right
(rerunfilecheck)                or use package `bookmark'.

 )
(see the transcript file for additional information){/usr/local/texlive/2019/te
xmf-dist/fonts/enc/dvips/base/8r.enc}{/usr/local/texlive/2019/texmf-dist/fonts/
enc/dvips/inconsolata/i4-t1-0.enc}</usr/local/texlive/2019/texmf-dist/fonts/typ
e1/public/inconsolata/Inconsolata-zi4r.pfb></usr/local/texlive/2019/texmf-dist/
fonts/type1/urw/helvetic/uhvr8a.pfb></usr/local/texlive/2019/texmf-dist/fonts/t
ype1/urw/times/utmb8a.pfb></usr/local/texlive/2019/texmf-dist/fonts/type1/urw/t
imes/utmr8a.pfb></usr/local/texlive/2019/texmf-dist/fonts/type1/urw/times/utmr8
a.pfb></usr/local/texlive/2019/texmf-dist/fonts/type1/urw/times/utmri8a.pfb>
Output written on Rd2.pdf (17 pages, 108786 bytes).
Transcript written on Rd2.log.
This is pdfTeX, Version 3.14159265-2.6-1.40.20 (TeX Live 2019) (preloaded format=pdflatex)
 restricted \write18 enabled.
entering extended mode
LaTeX2e <2018-12-01>

(./Rd2.tex
(/usr/local/texlive/2019/texmf-dist/tex/latex/base/book.cls
Document Class: book 2018/09/03 v1.4i Standard LaTeX document class
(/usr/local/texlive/2019/texmf-dist/tex/latex/base/bk10.clo))
(/Library/Frameworks/R.framework/Resources/share/texmf/tex/latex/Rd.sty
(/usr/local/texlive/2019/texmf-dist/tex/latex/base/ifthen.sty)
(/usr/local/texlive/2019/texmf-dist/tex/latex/tools/longtable.sty)
(/usr/local/texlive/2019/texmf-dist/tex/latex/tools/bm.sty)
(/usr/local/texlive/2019/texmf-dist/tex/latex/base/alltt.sty)
(/usr/local/texlive/2019/texmf-dist/tex/latex/tools/verbatim.sty)
(/usr/local/texlive/2019/texmf-dist/tex/latex/url/url.sty)
(/usr/local/texlive/2019/texmf-dist/tex/latex/base/textcomp.sty
(/usr/local/texlive/2019/texmf-dist/tex/latex/base/ts1enc.def
(/usr/local/texlive/2019/texmf-dist/tex/latex/base/ts1enc.dfu)))
(/usr/local/texlive/2019/texmf-dist/tex/latex/base/fontenc.sty
(/usr/local/texlive/2019/texmf-dist/tex/latex/base/t1enc.def))
(/usr/local/texlive/2019/texmf-dist/tex/latex/psnfss/times.sty)
(/usr/local/texlive/2019/texmf-dist/tex/latex/inconsolata/zi4.sty
`inconsolata-zi4' v1.112, 2017/01/04 Text macros for Inconsolata (msharpe)
(/usr/local/texlive/2019/texmf-dist/tex/latex/xkeyval/xkeyval.sty
(/usr/local/texlive/2019/texmf-dist/tex/generic/xkeyval/xkeyval.tex
(/usr/local/texlive/2019/texmf-dist/tex/generic/xkeyval/xkvutils.tex
(/usr/local/texlive/2019/texmf-dist/tex/generic/xkeyval/keyval.tex)))))
(/usr/local/texlive/2019/texmf-dist/tex/latex/graphics/color.sty
(/usr/local/texlive/2019/texmf-dist/tex/latex/graphics-cfg/color.cfg)
(/usr/local/texlive/2019/texmf-dist/tex/latex/graphics-def/pdftex.def))
(/usr/local/texlive/2019/texmf-dist/tex/latex/hyperref/hyperref.sty
(/usr/local/texlive/2019/texmf-dist/tex/generic/oberdiek/hobsub-hyperref.sty
(/usr/local/texlive/2019/texmf-dist/tex/generic/oberdiek/hobsub-generic.sty))
(/usr/local/texlive/2019/texmf-dist/tex/generic/ifxetex/ifxetex.sty)
(/usr/local/texlive/2019/texmf-dist/tex/latex/oberdiek/auxhook.sty)
(/usr/local/texlive/2019/texmf-dist/tex/latex/oberdiek/kvoptions.sty)
(/usr/local/texlive/2019/texmf-dist/tex/latex/hyperref/pd1enc.def)
(/usr/local/texlive/2019/texmf-dist/tex/latex/latexconfig/hyperref.cfg))
(/usr/local/texlive/2019/texmf-dist/tex/latex/hyperref/hpdftex.def
(/usr/local/texlive/2019/texmf-dist/tex/latex/oberdiek/rerunfilecheck.sty))

Package hyperref Warning: Option `hyperindex' has already been used,
(hyperref)                setting the option has no effect on input line 377.


Package hyperref Warning: Option `pagebackref' has already been used,
(hyperref)                setting the option has no effect on input line 377.

) (/usr/local/texlive/2019/texmf-dist/tex/latex/base/makeidx.sty)
(/usr/local/texlive/2019/texmf-dist/tex/latex/base/inputenc.sty
(/usr/local/texlive/2019/texmf-dist/tex/latex/base/latin1.def))
Writing index file Rd2.idx

(/private/var/folders/pn/nlhs6l8d0pz5fbf6j8ycz3840000gn/T/RtmpCtQclZ/Rd2pdf5c0a
69bd2a33/Rd2.aux) (/usr/local/texlive/2019/texmf-dist/tex/latex/base/ts1cmr.fd)
(/usr/local/texlive/2019/texmf-dist/tex/latex/psnfss/t1ptm.fd)
(/usr/local/texlive/2019/texmf-dist/tex/context/base/mkii/supp-pdf.mkii
[Loading MPS to PDF converter (version 2006.09.02).]
) (/usr/local/texlive/2019/texmf-dist/tex/latex/hyperref/nameref.sty
(/usr/local/texlive/2019/texmf-dist/tex/generic/oberdiek/gettitlestring.sty))
(/private/var/folders/pn/nlhs6l8d0pz5fbf6j8ycz3840000gn/T/RtmpCtQclZ/Rd2pdf5c0a
69bd2a33/Rd2.out)
(/private/var/folders/pn/nlhs6l8d0pz5fbf6j8ycz3840000gn/T/RtmpCtQclZ/Rd2pdf5c0a
69bd2a33/Rd2.out)
(/usr/local/texlive/2019/texmf-dist/tex/latex/inconsolata/t1zi4.fd)
(/usr/local/texlive/2019/texmf-dist/tex/latex/psnfss/t1phv.fd)
(/private/var/folders/pn/nlhs6l8d0pz5fbf6j8ycz3840000gn/T/RtmpCtQclZ/Rd2pdf5c0a
69bd2a33/Rd2.toc) (/usr/local/texlive/2019/texmf-dist/tex/latex/base/utf8.def)
Underfull \hbox (badness 10000) in paragraph at lines 29--29
[]\T1/ptm/m/it/10 c("\Sexpr[results=rd,stage=build]tools:::Rd_package_title(\"#
1\")",

Underfull \hbox (badness 10000) in paragraph at lines 29--29
\T1/ptm/m/it/10 "ODPR.COVID.19")Prediction re-gion based on over-dispersed

Overfull \hbox (29.4461pt too wide) in paragraph at lines 37--39
[]\T1/ptm/m/n/10 c("\Sexpr[results=rd,stage=build]tools:::Rd_package_descriptio
n(\"#1\")", "ODPR.COVID.19")Prediction

Overfull \hbox (25.26584pt too wide) in paragraph at lines 42--49
[]\T1/ptm/m/n/10 The DE-SCRIP-TION file: c("\Sexpr[results=rd,stage=build]tools
:::Rd_package_DESCRIPTION(\"#1\")",

Overfull \hbox (170.5945pt too wide) in paragraph at lines 42--49
\T1/ptm/m/n/10 "ODPR.COVID.19")This pack-age was not yet in-stalled at build ti
me.\cr c("\Sexpr[results=rd,stage=build]tools:::Rd_package_indices(\"#1\")",
[1{/usr/local/texlive/2019/texmf-var/fonts/map/pdftex/updmap/pdftex.map}]
Overfull \hbox (43.9958pt too wide) in paragraph at lines 55--58
[]\T1/ptm/m/n/10 Maintainer: c("\Sexpr[results=rd,stage=build]tools:::Rd_packag
e_maintainer(\"#1\")", "ODPR.COVID.19")T.
[2] [3] [4] [5] [6] [7] [8] [9] [10] [11] [12]
Underfull \vbox (badness 10000) has occurred while \output is active [13]
[14] [15] [16]
No file Rd2.ind.
[17]
(/private/var/folders/pn/nlhs6l8d0pz5fbf6j8ycz3840000gn/T/RtmpCtQclZ/Rd2pdf5c0a
69bd2a33/Rd2.aux) )
(see the transcript file for additional information){/usr/local/texlive/2019/te
xmf-dist/fonts/enc/dvips/base/8r.enc}{/usr/local/texlive/2019/texmf-dist/fonts/
enc/dvips/inconsolata/i4-t1-0.enc}</usr/local/texlive/2019/texmf-dist/fonts/typ
e1/public/inconsolata/Inconsolata-zi4r.pfb></usr/local/texlive/2019/texmf-dist/
fonts/type1/urw/helvetic/uhvr8a.pfb></usr/local/texlive/2019/texmf-dist/fonts/t
ype1/urw/times/utmb8a.pfb></usr/local/texlive/2019/texmf-dist/fonts/type1/urw/t
imes/utmr8a.pfb></usr/local/texlive/2019/texmf-dist/fonts/type1/urw/times/utmr8
a.pfb></usr/local/texlive/2019/texmf-dist/fonts/type1/urw/times/utmri8a.pfb>
Output written on Rd2.pdf (17 pages, 110517 bytes).
Transcript written on Rd2.log.
This is makeindex, version 2.15 [TeX Live 2019] (kpathsea + Thai support).
Scanning input file Rd2.idx....done (16 entries accepted, 0 rejected).
Sorting entries....done (62 comparisons).
Generating output file Rd2.ind....done (46 lines written, 0 warnings).
Output written in Rd2.ind.
Transcript written in Rd2.ilg.
This is pdfTeX, Version 3.14159265-2.6-1.40.20 (TeX Live 2019) (preloaded format=pdflatex)
 restricted \write18 enabled.
entering extended mode
LaTeX2e <2018-12-01>

(./Rd2.tex
(/usr/local/texlive/2019/texmf-dist/tex/latex/base/book.cls
Document Class: book 2018/09/03 v1.4i Standard LaTeX document class
(/usr/local/texlive/2019/texmf-dist/tex/latex/base/bk10.clo))
(/Library/Frameworks/R.framework/Resources/share/texmf/tex/latex/Rd.sty
(/usr/local/texlive/2019/texmf-dist/tex/latex/base/ifthen.sty)
(/usr/local/texlive/2019/texmf-dist/tex/latex/tools/longtable.sty)
(/usr/local/texlive/2019/texmf-dist/tex/latex/tools/bm.sty)
(/usr/local/texlive/2019/texmf-dist/tex/latex/base/alltt.sty)
(/usr/local/texlive/2019/texmf-dist/tex/latex/tools/verbatim.sty)
(/usr/local/texlive/2019/texmf-dist/tex/latex/url/url.sty)
(/usr/local/texlive/2019/texmf-dist/tex/latex/base/textcomp.sty
(/usr/local/texlive/2019/texmf-dist/tex/latex/base/ts1enc.def
(/usr/local/texlive/2019/texmf-dist/tex/latex/base/ts1enc.dfu)))
(/usr/local/texlive/2019/texmf-dist/tex/latex/base/fontenc.sty
(/usr/local/texlive/2019/texmf-dist/tex/latex/base/t1enc.def))
(/usr/local/texlive/2019/texmf-dist/tex/latex/psnfss/times.sty)
(/usr/local/texlive/2019/texmf-dist/tex/latex/inconsolata/zi4.sty
`inconsolata-zi4' v1.112, 2017/01/04 Text macros for Inconsolata (msharpe)
(/usr/local/texlive/2019/texmf-dist/tex/latex/xkeyval/xkeyval.sty
(/usr/local/texlive/2019/texmf-dist/tex/generic/xkeyval/xkeyval.tex
(/usr/local/texlive/2019/texmf-dist/tex/generic/xkeyval/xkvutils.tex
(/usr/local/texlive/2019/texmf-dist/tex/generic/xkeyval/keyval.tex)))))
(/usr/local/texlive/2019/texmf-dist/tex/latex/graphics/color.sty
(/usr/local/texlive/2019/texmf-dist/tex/latex/graphics-cfg/color.cfg)
(/usr/local/texlive/2019/texmf-dist/tex/latex/graphics-def/pdftex.def))
(/usr/local/texlive/2019/texmf-dist/tex/latex/hyperref/hyperref.sty
(/usr/local/texlive/2019/texmf-dist/tex/generic/oberdiek/hobsub-hyperref.sty
(/usr/local/texlive/2019/texmf-dist/tex/generic/oberdiek/hobsub-generic.sty))
(/usr/local/texlive/2019/texmf-dist/tex/generic/ifxetex/ifxetex.sty)
(/usr/local/texlive/2019/texmf-dist/tex/latex/oberdiek/auxhook.sty)
(/usr/local/texlive/2019/texmf-dist/tex/latex/oberdiek/kvoptions.sty)
(/usr/local/texlive/2019/texmf-dist/tex/latex/hyperref/pd1enc.def)
(/usr/local/texlive/2019/texmf-dist/tex/latex/latexconfig/hyperref.cfg))
(/usr/local/texlive/2019/texmf-dist/tex/latex/hyperref/hpdftex.def
(/usr/local/texlive/2019/texmf-dist/tex/latex/oberdiek/rerunfilecheck.sty))

Package hyperref Warning: Option `hyperindex' has already been used,
(hyperref)                setting the option has no effect on input line 377.


Package hyperref Warning: Option `pagebackref' has already been used,
(hyperref)                setting the option has no effect on input line 377.

) (/usr/local/texlive/2019/texmf-dist/tex/latex/base/makeidx.sty)
(/usr/local/texlive/2019/texmf-dist/tex/latex/base/inputenc.sty
(/usr/local/texlive/2019/texmf-dist/tex/latex/base/latin1.def))
Writing index file Rd2.idx

(/private/var/folders/pn/nlhs6l8d0pz5fbf6j8ycz3840000gn/T/RtmpCtQclZ/Rd2pdf5c0a
69bd2a33/Rd2.aux) (/usr/local/texlive/2019/texmf-dist/tex/latex/base/ts1cmr.fd)
(/usr/local/texlive/2019/texmf-dist/tex/latex/psnfss/t1ptm.fd)
(/usr/local/texlive/2019/texmf-dist/tex/context/base/mkii/supp-pdf.mkii
[Loading MPS to PDF converter (version 2006.09.02).]
) (/usr/local/texlive/2019/texmf-dist/tex/latex/hyperref/nameref.sty
(/usr/local/texlive/2019/texmf-dist/tex/generic/oberdiek/gettitlestring.sty))
(/private/var/folders/pn/nlhs6l8d0pz5fbf6j8ycz3840000gn/T/RtmpCtQclZ/Rd2pdf5c0a
69bd2a33/Rd2.out)
(/private/var/folders/pn/nlhs6l8d0pz5fbf6j8ycz3840000gn/T/RtmpCtQclZ/Rd2pdf5c0a
69bd2a33/Rd2.out)
(/usr/local/texlive/2019/texmf-dist/tex/latex/inconsolata/t1zi4.fd)
(/usr/local/texlive/2019/texmf-dist/tex/latex/psnfss/t1phv.fd)
(/private/var/folders/pn/nlhs6l8d0pz5fbf6j8ycz3840000gn/T/RtmpCtQclZ/Rd2pdf5c0a
69bd2a33/Rd2.toc) (/usr/local/texlive/2019/texmf-dist/tex/latex/base/utf8.def)
Underfull \hbox (badness 10000) in paragraph at lines 29--29
[]\T1/ptm/m/it/10 c("\Sexpr[results=rd,stage=build]tools:::Rd_package_title(\"#
1\")",

Underfull \hbox (badness 10000) in paragraph at lines 29--29
\T1/ptm/m/it/10 "ODPR.COVID.19")Prediction re-gion based on over-dispersed

Overfull \hbox (29.4461pt too wide) in paragraph at lines 37--39
[]\T1/ptm/m/n/10 c("\Sexpr[results=rd,stage=build]tools:::Rd_package_descriptio
n(\"#1\")", "ODPR.COVID.19")Prediction

Overfull \hbox (25.26584pt too wide) in paragraph at lines 42--49
[]\T1/ptm/m/n/10 The DE-SCRIP-TION file: c("\Sexpr[results=rd,stage=build]tools
:::Rd_package_DESCRIPTION(\"#1\")",

Overfull \hbox (170.5945pt too wide) in paragraph at lines 42--49
\T1/ptm/m/n/10 "ODPR.COVID.19")This pack-age was not yet in-stalled at build ti
me.\cr c("\Sexpr[results=rd,stage=build]tools:::Rd_package_indices(\"#1\")",
[1{/usr/local/texlive/2019/texmf-var/fonts/map/pdftex/updmap/pdftex.map}]
Overfull \hbox (43.9958pt too wide) in paragraph at lines 55--58
[]\T1/ptm/m/n/10 Maintainer: c("\Sexpr[results=rd,stage=build]tools:::Rd_packag
e_maintainer(\"#1\")", "ODPR.COVID.19")T.
[2] [3] [4] [5] [6] [7] [8] [9] [10] [11] [12]
Underfull \vbox (badness 10000) has occurred while \output is active [13]
[14] [15] [16]
(/private/var/folders/pn/nlhs6l8d0pz5fbf6j8ycz3840000gn/T/RtmpCtQclZ/Rd2pdf5c0a
69bd2a33/Rd2.ind [17]

LaTeX Font Warning: Font shape `T1/zi4/m/it' undefined
(Font)              using `T1/zi4/m/n' instead on input line 31.

[18])
(/private/var/folders/pn/nlhs6l8d0pz5fbf6j8ycz3840000gn/T/RtmpCtQclZ/Rd2pdf5c0a
69bd2a33/Rd2.aux)

Package rerunfilecheck Warning: File `Rd2.out' has changed.
(rerunfilecheck)                Rerun to get outlines right
(rerunfilecheck)                or use package `bookmark'.


LaTeX Font Warning: Some font shapes were not available, defaults substituted.

 )
(see the transcript file for additional information){/usr/local/texlive/2019/te
xmf-dist/fonts/enc/dvips/base/8r.enc}{/usr/local/texlive/2019/texmf-dist/fonts/
enc/dvips/inconsolata/i4-t1-0.enc}</usr/local/texlive/2019/texmf-dist/fonts/typ
e1/public/inconsolata/Inconsolata-zi4r.pfb></usr/local/texlive/2019/texmf-dist/
fonts/type1/public/amsfonts/cm/cmsy10.pfb></usr/local/texlive/2019/texmf-dist/f
onts/type1/urw/helvetic/uhvr8a.pfb></usr/local/texlive/2019/texmf-dist/fonts/ty
pe1/urw/times/utmb8a.pfb></usr/local/texlive/2019/texmf-dist/fonts/type1/urw/ti
mes/utmr8a.pfb></usr/local/texlive/2019/texmf-dist/fonts/type1/urw/times/utmr8a
.pfb></usr/local/texlive/2019/texmf-dist/fonts/type1/urw/times/utmri8a.pfb>
Output written on Rd2.pdf (18 pages, 119158 bytes).
Transcript written on Rd2.log.
This is makeindex, version 2.15 [TeX Live 2019] (kpathsea + Thai support).
Scanning input file Rd2.idx....done (16 entries accepted, 0 rejected).
Sorting entries....done (62 comparisons).
Generating output file Rd2.ind....done (46 lines written, 0 warnings).
Output written in Rd2.ind.
Transcript written in Rd2.ilg.
This is pdfTeX, Version 3.14159265-2.6-1.40.20 (TeX Live 2019) (preloaded format=pdflatex)
 restricted \write18 enabled.
entering extended mode
LaTeX2e <2018-12-01>

(./Rd2.tex
(/usr/local/texlive/2019/texmf-dist/tex/latex/base/book.cls
Document Class: book 2018/09/03 v1.4i Standard LaTeX document class
(/usr/local/texlive/2019/texmf-dist/tex/latex/base/bk10.clo))
(/Library/Frameworks/R.framework/Resources/share/texmf/tex/latex/Rd.sty
(/usr/local/texlive/2019/texmf-dist/tex/latex/base/ifthen.sty)
(/usr/local/texlive/2019/texmf-dist/tex/latex/tools/longtable.sty)
(/usr/local/texlive/2019/texmf-dist/tex/latex/tools/bm.sty)
(/usr/local/texlive/2019/texmf-dist/tex/latex/base/alltt.sty)
(/usr/local/texlive/2019/texmf-dist/tex/latex/tools/verbatim.sty)
(/usr/local/texlive/2019/texmf-dist/tex/latex/url/url.sty)
(/usr/local/texlive/2019/texmf-dist/tex/latex/base/textcomp.sty
(/usr/local/texlive/2019/texmf-dist/tex/latex/base/ts1enc.def
(/usr/local/texlive/2019/texmf-dist/tex/latex/base/ts1enc.dfu)))
(/usr/local/texlive/2019/texmf-dist/tex/latex/base/fontenc.sty
(/usr/local/texlive/2019/texmf-dist/tex/latex/base/t1enc.def))
(/usr/local/texlive/2019/texmf-dist/tex/latex/psnfss/times.sty)
(/usr/local/texlive/2019/texmf-dist/tex/latex/inconsolata/zi4.sty
`inconsolata-zi4' v1.112, 2017/01/04 Text macros for Inconsolata (msharpe)
(/usr/local/texlive/2019/texmf-dist/tex/latex/xkeyval/xkeyval.sty
(/usr/local/texlive/2019/texmf-dist/tex/generic/xkeyval/xkeyval.tex
(/usr/local/texlive/2019/texmf-dist/tex/generic/xkeyval/xkvutils.tex
(/usr/local/texlive/2019/texmf-dist/tex/generic/xkeyval/keyval.tex)))))
(/usr/local/texlive/2019/texmf-dist/tex/latex/graphics/color.sty
(/usr/local/texlive/2019/texmf-dist/tex/latex/graphics-cfg/color.cfg)
(/usr/local/texlive/2019/texmf-dist/tex/latex/graphics-def/pdftex.def))
(/usr/local/texlive/2019/texmf-dist/tex/latex/hyperref/hyperref.sty
(/usr/local/texlive/2019/texmf-dist/tex/generic/oberdiek/hobsub-hyperref.sty
(/usr/local/texlive/2019/texmf-dist/tex/generic/oberdiek/hobsub-generic.sty))
(/usr/local/texlive/2019/texmf-dist/tex/generic/ifxetex/ifxetex.sty)
(/usr/local/texlive/2019/texmf-dist/tex/latex/oberdiek/auxhook.sty)
(/usr/local/texlive/2019/texmf-dist/tex/latex/oberdiek/kvoptions.sty)
(/usr/local/texlive/2019/texmf-dist/tex/latex/hyperref/pd1enc.def)
(/usr/local/texlive/2019/texmf-dist/tex/latex/latexconfig/hyperref.cfg))
(/usr/local/texlive/2019/texmf-dist/tex/latex/hyperref/hpdftex.def
(/usr/local/texlive/2019/texmf-dist/tex/latex/oberdiek/rerunfilecheck.sty))

Package hyperref Warning: Option `hyperindex' has already been used,
(hyperref)                setting the option has no effect on input line 377.


Package hyperref Warning: Option `pagebackref' has already been used,
(hyperref)                setting the option has no effect on input line 377.

) (/usr/local/texlive/2019/texmf-dist/tex/latex/base/makeidx.sty)
(/usr/local/texlive/2019/texmf-dist/tex/latex/base/inputenc.sty
(/usr/local/texlive/2019/texmf-dist/tex/latex/base/latin1.def))
Writing index file Rd2.idx

(/private/var/folders/pn/nlhs6l8d0pz5fbf6j8ycz3840000gn/T/RtmpCtQclZ/Rd2pdf5c0a
69bd2a33/Rd2.aux) (/usr/local/texlive/2019/texmf-dist/tex/latex/base/ts1cmr.fd)
(/usr/local/texlive/2019/texmf-dist/tex/latex/psnfss/t1ptm.fd)
(/usr/local/texlive/2019/texmf-dist/tex/context/base/mkii/supp-pdf.mkii
[Loading MPS to PDF converter (version 2006.09.02).]
) (/usr/local/texlive/2019/texmf-dist/tex/latex/hyperref/nameref.sty
(/usr/local/texlive/2019/texmf-dist/tex/generic/oberdiek/gettitlestring.sty))
(/private/var/folders/pn/nlhs6l8d0pz5fbf6j8ycz3840000gn/T/RtmpCtQclZ/Rd2pdf5c0a
69bd2a33/Rd2.out)
(/private/var/folders/pn/nlhs6l8d0pz5fbf6j8ycz3840000gn/T/RtmpCtQclZ/Rd2pdf5c0a
69bd2a33/Rd2.out)
(/usr/local/texlive/2019/texmf-dist/tex/latex/inconsolata/t1zi4.fd)
(/usr/local/texlive/2019/texmf-dist/tex/latex/psnfss/t1phv.fd)
(/private/var/folders/pn/nlhs6l8d0pz5fbf6j8ycz3840000gn/T/RtmpCtQclZ/Rd2pdf5c0a
69bd2a33/Rd2.toc) (/usr/local/texlive/2019/texmf-dist/tex/latex/base/utf8.def)
Underfull \hbox (badness 10000) in paragraph at lines 29--29
[]\T1/ptm/m/it/10 c("\Sexpr[results=rd,stage=build]tools:::Rd_package_title(\"#
1\")",

Underfull \hbox (badness 10000) in paragraph at lines 29--29
\T1/ptm/m/it/10 "ODPR.COVID.19")Prediction re-gion based on over-dispersed

Overfull \hbox (29.4461pt too wide) in paragraph at lines 37--39
[]\T1/ptm/m/n/10 c("\Sexpr[results=rd,stage=build]tools:::Rd_package_descriptio
n(\"#1\")", "ODPR.COVID.19")Prediction

Overfull \hbox (25.26584pt too wide) in paragraph at lines 42--49
[]\T1/ptm/m/n/10 The DE-SCRIP-TION file: c("\Sexpr[results=rd,stage=build]tools
:::Rd_package_DESCRIPTION(\"#1\")",

Overfull \hbox (170.5945pt too wide) in paragraph at lines 42--49
\T1/ptm/m/n/10 "ODPR.COVID.19")This pack-age was not yet in-stalled at build ti
me.\cr c("\Sexpr[results=rd,stage=build]tools:::Rd_package_indices(\"#1\")",
[1{/usr/local/texlive/2019/texmf-var/fonts/map/pdftex/updmap/pdftex.map}]
Overfull \hbox (43.9958pt too wide) in paragraph at lines 55--58
[]\T1/ptm/m/n/10 Maintainer: c("\Sexpr[results=rd,stage=build]tools:::Rd_packag
e_maintainer(\"#1\")", "ODPR.COVID.19")T.
[2] [3] [4] [5] [6] [7] [8] [9] [10] [11] [12]
Underfull \vbox (badness 10000) has occurred while \output is active [13]
[14] [15] [16]
(/private/var/folders/pn/nlhs6l8d0pz5fbf6j8ycz3840000gn/T/RtmpCtQclZ/Rd2pdf5c0a
69bd2a33/Rd2.ind [17]

LaTeX Font Warning: Font shape `T1/zi4/m/it' undefined
(Font)              using `T1/zi4/m/n' instead on input line 31.

[18])
(/private/var/folders/pn/nlhs6l8d0pz5fbf6j8ycz3840000gn/T/RtmpCtQclZ/Rd2pdf5c0a
69bd2a33/Rd2.aux)

LaTeX Font Warning: Some font shapes were not available, defaults substituted.

 )
(see the transcript file for additional information){/usr/local/texlive/2019/te
xmf-dist/fonts/enc/dvips/base/8r.enc}{/usr/local/texlive/2019/texmf-dist/fonts/
enc/dvips/inconsolata/i4-t1-0.enc}</usr/local/texlive/2019/texmf-dist/fonts/typ
e1/public/inconsolata/Inconsolata-zi4r.pfb></usr/local/texlive/2019/texmf-dist/
fonts/type1/public/amsfonts/cm/cmsy10.pfb></usr/local/texlive/2019/texmf-dist/f
onts/type1/urw/helvetic/uhvr8a.pfb></usr/local/texlive/2019/texmf-dist/fonts/ty
pe1/urw/times/utmb8a.pfb></usr/local/texlive/2019/texmf-dist/fonts/type1/urw/ti
mes/utmr8a.pfb></usr/local/texlive/2019/texmf-dist/fonts/type1/urw/times/utmr8a
.pfb></usr/local/texlive/2019/texmf-dist/fonts/type1/urw/times/utmri8a.pfb>
Output written on Rd2.pdf (18 pages, 119950 bytes).
Transcript written on Rd2.log.
This is makeindex, version 2.15 [TeX Live 2019] (kpathsea + Thai support).
Scanning input file Rd2.idx....done (16 entries accepted, 0 rejected).
Sorting entries....done (62 comparisons).
Generating output file Rd2.ind....done (46 lines written, 0 warnings).
Output written in Rd2.ind.
Transcript written in Rd2.ilg.
This is pdfTeX, Version 3.14159265-2.6-1.40.20 (TeX Live 2019) (preloaded format=pdflatex)
 restricted \write18 enabled.
entering extended mode
LaTeX2e <2018-12-01>

(./Rd2.tex
(/usr/local/texlive/2019/texmf-dist/tex/latex/base/book.cls
Document Class: book 2018/09/03 v1.4i Standard LaTeX document class
(/usr/local/texlive/2019/texmf-dist/tex/latex/base/bk10.clo))
(/Library/Frameworks/R.framework/Resources/share/texmf/tex/latex/Rd.sty
(/usr/local/texlive/2019/texmf-dist/tex/latex/base/ifthen.sty)
(/usr/local/texlive/2019/texmf-dist/tex/latex/tools/longtable.sty)
(/usr/local/texlive/2019/texmf-dist/tex/latex/tools/bm.sty)
(/usr/local/texlive/2019/texmf-dist/tex/latex/base/alltt.sty)
(/usr/local/texlive/2019/texmf-dist/tex/latex/tools/verbatim.sty)
(/usr/local/texlive/2019/texmf-dist/tex/latex/url/url.sty)
(/usr/local/texlive/2019/texmf-dist/tex/latex/base/textcomp.sty
(/usr/local/texlive/2019/texmf-dist/tex/latex/base/ts1enc.def
(/usr/local/texlive/2019/texmf-dist/tex/latex/base/ts1enc.dfu)))
(/usr/local/texlive/2019/texmf-dist/tex/latex/base/fontenc.sty
(/usr/local/texlive/2019/texmf-dist/tex/latex/base/t1enc.def))
(/usr/local/texlive/2019/texmf-dist/tex/latex/psnfss/times.sty)
(/usr/local/texlive/2019/texmf-dist/tex/latex/inconsolata/zi4.sty
`inconsolata-zi4' v1.112, 2017/01/04 Text macros for Inconsolata (msharpe)
(/usr/local/texlive/2019/texmf-dist/tex/latex/xkeyval/xkeyval.sty
(/usr/local/texlive/2019/texmf-dist/tex/generic/xkeyval/xkeyval.tex
(/usr/local/texlive/2019/texmf-dist/tex/generic/xkeyval/xkvutils.tex
(/usr/local/texlive/2019/texmf-dist/tex/generic/xkeyval/keyval.tex)))))
(/usr/local/texlive/2019/texmf-dist/tex/latex/graphics/color.sty
(/usr/local/texlive/2019/texmf-dist/tex/latex/graphics-cfg/color.cfg)
(/usr/local/texlive/2019/texmf-dist/tex/latex/graphics-def/pdftex.def))
(/usr/local/texlive/2019/texmf-dist/tex/latex/hyperref/hyperref.sty
(/usr/local/texlive/2019/texmf-dist/tex/generic/oberdiek/hobsub-hyperref.sty
(/usr/local/texlive/2019/texmf-dist/tex/generic/oberdiek/hobsub-generic.sty))
(/usr/local/texlive/2019/texmf-dist/tex/generic/ifxetex/ifxetex.sty)
(/usr/local/texlive/2019/texmf-dist/tex/latex/oberdiek/auxhook.sty)
(/usr/local/texlive/2019/texmf-dist/tex/latex/oberdiek/kvoptions.sty)
(/usr/local/texlive/2019/texmf-dist/tex/latex/hyperref/pd1enc.def)
(/usr/local/texlive/2019/texmf-dist/tex/latex/latexconfig/hyperref.cfg))
(/usr/local/texlive/2019/texmf-dist/tex/latex/hyperref/hpdftex.def
(/usr/local/texlive/2019/texmf-dist/tex/latex/oberdiek/rerunfilecheck.sty))

Package hyperref Warning: Option `hyperindex' has already been used,
(hyperref)                setting the option has no effect on input line 377.


Package hyperref Warning: Option `pagebackref' has already been used,
(hyperref)                setting the option has no effect on input line 377.

) (/usr/local/texlive/2019/texmf-dist/tex/latex/base/makeidx.sty)
(/usr/local/texlive/2019/texmf-dist/tex/latex/base/inputenc.sty
(/usr/local/texlive/2019/texmf-dist/tex/latex/base/latin1.def))
Writing index file Rd2.idx

(/private/var/folders/pn/nlhs6l8d0pz5fbf6j8ycz3840000gn/T/RtmpCtQclZ/Rd2pdf5c0a
69bd2a33/Rd2.aux) (/usr/local/texlive/2019/texmf-dist/tex/latex/base/ts1cmr.fd)
(/usr/local/texlive/2019/texmf-dist/tex/latex/psnfss/t1ptm.fd)
(/usr/local/texlive/2019/texmf-dist/tex/context/base/mkii/supp-pdf.mkii
[Loading MPS to PDF converter (version 2006.09.02).]
) (/usr/local/texlive/2019/texmf-dist/tex/latex/hyperref/nameref.sty
(/usr/local/texlive/2019/texmf-dist/tex/generic/oberdiek/gettitlestring.sty))
(/private/var/folders/pn/nlhs6l8d0pz5fbf6j8ycz3840000gn/T/RtmpCtQclZ/Rd2pdf5c0a
69bd2a33/Rd2.out)
(/private/var/folders/pn/nlhs6l8d0pz5fbf6j8ycz3840000gn/T/RtmpCtQclZ/Rd2pdf5c0a
69bd2a33/Rd2.out)
(/usr/local/texlive/2019/texmf-dist/tex/latex/inconsolata/t1zi4.fd)
(/usr/local/texlive/2019/texmf-dist/tex/latex/psnfss/t1phv.fd)
(/private/var/folders/pn/nlhs6l8d0pz5fbf6j8ycz3840000gn/T/RtmpCtQclZ/Rd2pdf5c0a
69bd2a33/Rd2.toc) (/usr/local/texlive/2019/texmf-dist/tex/latex/base/utf8.def)
Underfull \hbox (badness 10000) in paragraph at lines 29--29
[]\T1/ptm/m/it/10 c("\Sexpr[results=rd,stage=build]tools:::Rd_package_title(\"#
1\")",

Underfull \hbox (badness 10000) in paragraph at lines 29--29
\T1/ptm/m/it/10 "ODPR.COVID.19")Prediction re-gion based on over-dispersed

Overfull \hbox (29.4461pt too wide) in paragraph at lines 37--39
[]\T1/ptm/m/n/10 c("\Sexpr[results=rd,stage=build]tools:::Rd_package_descriptio
n(\"#1\")", "ODPR.COVID.19")Prediction

Overfull \hbox (25.26584pt too wide) in paragraph at lines 42--49
[]\T1/ptm/m/n/10 The DE-SCRIP-TION file: c("\Sexpr[results=rd,stage=build]tools
:::Rd_package_DESCRIPTION(\"#1\")",

Overfull \hbox (170.5945pt too wide) in paragraph at lines 42--49
\T1/ptm/m/n/10 "ODPR.COVID.19")This pack-age was not yet in-stalled at build ti
me.\cr c("\Sexpr[results=rd,stage=build]tools:::Rd_package_indices(\"#1\")",
[1{/usr/local/texlive/2019/texmf-var/fonts/map/pdftex/updmap/pdftex.map}]
Overfull \hbox (43.9958pt too wide) in paragraph at lines 55--58
[]\T1/ptm/m/n/10 Maintainer: c("\Sexpr[results=rd,stage=build]tools:::Rd_packag
e_maintainer(\"#1\")", "ODPR.COVID.19")T.
[2] [3] [4] [5] [6] [7] [8] [9] [10] [11] [12]
Underfull \vbox (badness 10000) has occurred while \output is active [13]
[14] [15] [16]
(/private/var/folders/pn/nlhs6l8d0pz5fbf6j8ycz3840000gn/T/RtmpCtQclZ/Rd2pdf5c0a
69bd2a33/Rd2.ind [17]

LaTeX Font Warning: Font shape `T1/zi4/m/it' undefined
(Font)              using `T1/zi4/m/n' instead on input line 31.

[18])
(/private/var/folders/pn/nlhs6l8d0pz5fbf6j8ycz3840000gn/T/RtmpCtQclZ/Rd2pdf5c0a
69bd2a33/Rd2.aux)

LaTeX Font Warning: Some font shapes were not available, defaults substituted.

 )
(see the transcript file for additional information){/usr/local/texlive/2019/te
xmf-dist/fonts/enc/dvips/base/8r.enc}{/usr/local/texlive/2019/texmf-dist/fonts/
enc/dvips/inconsolata/i4-t1-0.enc}</usr/local/texlive/2019/texmf-dist/fonts/typ
e1/public/inconsolata/Inconsolata-zi4r.pfb></usr/local/texlive/2019/texmf-dist/
fonts/type1/public/amsfonts/cm/cmsy10.pfb></usr/local/texlive/2019/texmf-dist/f
onts/type1/urw/helvetic/uhvr8a.pfb></usr/local/texlive/2019/texmf-dist/fonts/ty
pe1/urw/times/utmb8a.pfb></usr/local/texlive/2019/texmf-dist/fonts/type1/urw/ti
mes/utmr8a.pfb></usr/local/texlive/2019/texmf-dist/fonts/type1/urw/times/utmr8a
.pfb></usr/local/texlive/2019/texmf-dist/fonts/type1/urw/times/utmri8a.pfb>
Output written on Rd2.pdf (18 pages, 119941 bytes).
Transcript written on Rd2.log.
Saving output to ‘ODPR.COVID.19-manual.pdf’ ...
Done
You may want to clean up by 'rm -Rf /var/folders/pn/nlhs6l8d0pz5fbf6j8ycz3840000gn/T//RtmpCtQclZ/Rd2pdf5c0a69bd2a33'
